2024-10-20 02:40:46,766 [TestNG-tests-1] INFO Verify User Is Able To Add PDP Details To Excel - Sign Up Text Is Present In The screen
2024-10-20 02:40:46,892 [TestNG-tests-1] INFO Verify User Is Able To Add PDP Details To Excel - Succssfully taped on the Sigin Link
2024-10-20 02:40:48,526 [TestNG-tests-1] INFO Verify User Is Able To Add PDP Details To Excel - Sign In Text Is Present In The screen
2024-10-20 02:40:58,086 [TestNG-tests-1] INFO Verify User Is Able To Add PDP Details To Excel - Successfully loggined to the application
2024-10-20 02:41:03,832 [TestNG-tests-1] INFO Verify User Is Able To Add PDP Details To Excel - Home screen Text Is Present In The screen
2024-10-20 02:41:04,394 [TestNG-tests-1] INFO Verify User Is Able To Add PDP Details To Excel - Succssfully taped on the Search Icon
2024-10-20 02:41:06,081 [TestNG-tests-1] INFO Verify User Is Able To Add PDP Details To Excel - search BarText Text Is Present In The screen
2024-10-20 02:41:12,211 [TestNG-tests-1] INFO Verify User Is Able To Add PDP Details To Excel - Succssfully saerche Puma Name
2024-10-20 02:41:16,243 [TestNG-tests-1] INFO Verify User Is Able To Add PDP Details To Excel - Succssfully Swiped till expected Product Name is visable
2024-10-20 02:41:19,547 [TestNG-tests-1] INFO Verify User Is Able To Add PDP Details To Excel - Details Text Is Present In The screen
2024-10-20 02:41:43,248 [TestNG-tests-1] INFO Verify User Is Able To Add PDP Details To Excel - Succssfully Swiped till Nick name Name is visable
2024-10-20 02:41:44,453 [TestNG-tests-1] INFO Verify User Is Able To Add PDP Details To Excel - Succssfully featched value text from PDP screen
2024-10-20 02:41:45,065 [TestNG-tests-1] INFO Verify User Is Able To Add PDP Details To Excel - Succssfully Entered featched PDP data to execl
2024-10-20 02:41:45,358 [TestNG-tests-1] INFO Verify User Is Able To Add PDP Details To Excel - Start Listing Is Present In The screen
2024-10-20 02:43:40,302 [TestNG-tests-1] INFO Verify User Is Able To Add PDP Details To Excel - Sign Up Text Is Present In The screen
2024-10-20 02:43:40,400 [TestNG-tests-1] INFO Verify User Is Able To Add PDP Details To Excel - Succssfully taped on the Sigin Link
2024-10-20 02:43:41,910 [TestNG-tests-1] INFO Verify User Is Able To Add PDP Details To Excel - Sign In Text Is Present In The screen
2024-10-20 02:43:48,996 [TestNG-tests-1] INFO Verify User Is Able To Add PDP Details To Excel - Successfully loggined to the application
2024-10-20 02:43:56,465 [TestNG-tests-1] INFO Verify User Is Able To Add PDP Details To Excel - Home screen Text Is Present In The screen
2024-10-20 02:43:57,140 [TestNG-tests-1] INFO Verify User Is Able To Add PDP Details To Excel - Succssfully taped on the Search Icon
2024-10-20 02:43:58,900 [TestNG-tests-1] INFO Verify User Is Able To Add PDP Details To Excel - search BarText Text Is Present In The screen
2024-10-20 02:44:05,445 [TestNG-tests-1] INFO Verify User Is Able To Add PDP Details To Excel - Succssfully saerche Puma Name
2024-10-20 02:44:08,945 [TestNG-tests-1] INFO Verify User Is Able To Add PDP Details To Excel - Succssfully Swiped till expected Product Name is visable
2024-10-20 02:44:12,122 [TestNG-tests-1] INFO Verify User Is Able To Add PDP Details To Excel - Details Text Is Present In The screen
2024-10-20 02:44:36,796 [TestNG-tests-1] INFO Verify User Is Able To Add PDP Details To Excel - Succssfully Swiped till Nick name Name is visable
2024-10-20 02:44:39,396 [TestNG-tests-1] INFO Verify User Is Able To Add PDP Details To Excel - Succssfully featched value text from PDP screen
2024-10-20 02:44:40,462 [TestNG-tests-1] INFO Verify User Is Able To Add PDP Details To Excel - Succssfully Entered featched PDP data to execl
2024-10-20 02:44:40,762 [TestNG-tests-1] INFO Verify User Is Able To Add PDP Details To Excel - Start Listing Is Present In The screen
2024-10-20 02:58:24,308 [main] INFO Verify User Is Able To Add PDP Details To Excel - Sign Up Text Is Present In The screen
2024-10-20 02:58:24,449 [main] INFO Verify User Is Able To Add PDP Details To Excel - Succssfully taped on the Sigin Link
2024-10-20 02:58:25,891 [main] INFO Verify User Is Able To Add PDP Details To Excel - Sign In Text Is Present In The screen
2024-10-20 02:58:34,325 [main] INFO Verify User Is Able To Add PDP Details To Excel - Successfully loggined to the application
2024-10-20 02:59:01,529 [main] INFO Verify User Is Able To Add PDP Details To Excel - Home screen Text Is Present In The screen
2024-10-20 02:59:02,229 [main] INFO Verify User Is Able To Add PDP Details To Excel - Succssfully taped on the Search Icon
2024-10-20 02:59:03,865 [main] INFO Verify User Is Able To Add PDP Details To Excel - search BarText Text Is Present In The screen
2024-10-20 02:59:08,066 [main] INFO Verify User Is Able To Add PDP Details To Excel - Succssfully saerche Puma Name
2024-10-20 02:59:12,366 [main] INFO Verify User Is Able To Add PDP Details To Excel - Succssfully Swiped till expected Product Name is visable
2024-10-20 02:59:15,726 [main] INFO Verify User Is Able To Add PDP Details To Excel - Details Text Is Present In The screen
2024-10-20 02:59:38,089 [main] INFO Verify User Is Able To Add PDP Details To Excel - Succssfully Swiped till Nick name Name is visable
2024-10-20 02:59:40,449 [main] INFO Verify User Is Able To Add PDP Details To Excel - Succssfully featched value text from PDP screen
2024-10-20 02:59:40,981 [main] INFO Verify User Is Able To Add PDP Details To Excel - Succssfully Entered featched PDP data to execl
2024-10-20 02:59:41,223 [main] INFO Verify User Is Able To Add PDP Details To Excel - Start Listing Is Present In The screen
2024-10-20 13:59:20,673 [main] INFO Verify User Is Able To Add PDP Details To Excel - Sign Up Text Is Present In The screen
2024-10-20 13:59:20,810 [main] INFO Verify User Is Able To Add PDP Details To Excel - Succssfully taped on the Sigin Link
2024-10-20 13:59:22,514 [main] INFO Verify User Is Able To Add PDP Details To Excel - Sign In Text Is Present In The screen
2024-10-20 13:59:35,908 [main] INFO Verify User Is Able To Add PDP Details To Excel - Successfully loggined to the application
2024-10-20 13:59:48,750 [main] INFO Verify User Is Able To Add PDP Details To Excel - Home screen Text Is Present In The screen
2024-10-20 13:59:49,987 [main] INFO Verify User Is Able To Add PDP Details To Excel - Succssfully taped on the Search Icon
2024-10-20 13:59:51,740 [main] INFO Verify User Is Able To Add PDP Details To Excel - search BarText Text Is Present In The screen
2024-10-20 14:00:00,814 [main] INFO Verify User Is Able To Add PDP Details To Excel - Succssfully saerche Puma Name
2024-10-20 14:00:04,875 [main] INFO Verify User Is Able To Add PDP Details To Excel - Succssfully Swiped till expected Product Name is visable
2024-10-20 14:00:08,795 [main] INFO Verify User Is Able To Add PDP Details To Excel - Details Text Is Present In The screen
2024-10-20 14:00:30,854 [main] INFO Verify User Is Able To Add PDP Details To Excel - Succssfully Swiped till Nick name Name is visable
2024-10-20 14:00:33,017 [main] INFO Verify User Is Able To Add PDP Details To Excel - Succssfully featched value text from PDP screen
2024-10-20 14:00:33,612 [main] INFO Verify User Is Able To Add PDP Details To Excel - Succssfully Entered featched PDP data to execl
2024-10-20 14:00:33,993 [main] INFO Verify User Is Able To Add PDP Details To Excel - Start Listing Is Present In The screen
2024-10-20 16:00:32,266 [main] INFO Verify User Is Able To Add PDP Details To Excel - Sign Up Text Is Present In The screen
2024-10-20 16:00:32,771 [main] INFO Verify User Is Able To Add PDP Details To Excel - Succssfully taped on the Sigin Link
2024-10-20 16:28:38,051 [main] INFO Verify User Is Able To Add PDP Details To Excel - Sign Up Text Is Present In The screen
2024-10-20 16:28:38,478 [main] INFO Verify User Is Able To Add PDP Details To Excel - Succssfully taped on the Sigin Link
2024-10-20 16:28:50,733 [main] INFO Verify User Is Able To Add PDP Details To Excel - Sign In Text Is Present In The screen
2024-10-20 16:28:59,170 [main] INFO Verify User Is Able To Add PDP Details To Excel - Successfully loggined to the application
2024-10-20 16:29:05,063 [main] INFO Verify User Is Able To Add PDP Details To Excel - Home screen Text Is Present In The screen
2024-10-20 16:29:05,543 [main] INFO Verify User Is Able To Add PDP Details To Excel - Succssfully taped on the Search Icon
2024-10-20 16:29:08,400 [main] INFO Verify User Is Able To Add PDP Details To Excel - search BarText Text Is Present In The screen
2024-10-20 16:29:13,123 [main] INFO Verify User Is Able To Add PDP Details To Excel - Succssfully saerche Puma Name
2024-10-20 16:29:15,784 [main] INFO Verify User Is Able To Add PDP Details To Excel - Succssfully Swiped till expected Product Name is visable
2024-10-20 16:29:18,608 [main] INFO Verify User Is Able To Add PDP Details To Excel - Details Text Is Present In The screen
2024-10-20 16:29:40,187 [main] INFO Verify User Is Able To Add PDP Details To Excel - Succssfully Swiped till Nick name Name is visable
2024-10-20 16:29:40,953 [main] INFO Verify User Is Able To Add PDP Details To Excel - Succssfully featched value text from PDP screen
2024-10-20 16:29:41,859 [main] INFO Verify User Is Able To Add PDP Details To Excel - Succssfully Entered featched PDP data to execl
2024-10-20 16:29:41,986 [main] INFO Verify User Is Able To Add PDP Details To Excel - Start Listing Is Present In The screen
2024-10-20 16:44:43,690 [main] INFO Verify User Is Able To Add PDP Details To Excel - Sign Up Text Is Present In The screen
2024-10-20 16:44:43,874 [main] INFO Verify User Is Able To Add PDP Details To Excel - Succssfully taped on the Sigin Link
2024-10-20 16:55:29,519 [main] INFO Verify User Is Able To Add PDP Details To Excel - Sign Up Text Is Present In The screen
2024-10-20 17:10:04,164 [main] INFO Verify User Is Able To Add PDP Details To Excel - Sign Up Text Is Present In The screen
2024-10-20 17:18:40,623 [main] INFO Verify User Is Able To Add PDP Details To Excel - Sign Up Text Is Present In The screen
2024-10-20 17:18:40,959 [main] INFO Verify User Is Able To Add PDP Details To Excel - Succssfully taped on the Sigin Link
2024-10-20 17:27:32,461 [main] INFO Verify User Is Able To Add PDP Details To Excel - Sign Up Text Is Present In The screen
2024-10-20 17:27:32,893 [main] INFO Verify User Is Able To Add PDP Details To Excel - Succssfully taped on the Sigin Link
2024-10-20 17:27:36,804 [main] INFO Verify User Is Able To Add PDP Details To Excel - Sign In Text Is Present In The screen
2024-10-20 17:27:44,857 [main] INFO Verify User Is Able To Add PDP Details To Excel - Successfully loggined to the application
2024-10-20 17:27:50,814 [main] INFO Verify User Is Able To Add PDP Details To Excel - Home screen Text Is Present In The screen
2024-10-20 17:27:51,724 [main] INFO Verify User Is Able To Add PDP Details To Excel - Succssfully taped on the Search Icon
2024-10-20 17:27:56,323 [main] INFO Verify User Is Able To Add PDP Details To Excel - search BarText Text Is Present In The screen
2024-10-20 17:28:00,922 [main] INFO Verify User Is Able To Add PDP Details To Excel - Succssfully saerche Puma Name
2024-10-20 17:28:03,580 [main] INFO Verify User Is Able To Add PDP Details To Excel - Succssfully Swiped till expected Product Name is visable
2024-10-20 17:28:05,657 [main] INFO Verify User Is Able To Add PDP Details To Excel - Details Text Is Present In The screen
2024-10-20 17:28:27,041 [main] INFO Verify User Is Able To Add PDP Details To Excel - Succssfully Swiped till Nick name Name is visable
2024-10-20 17:28:27,637 [main] INFO Verify User Is Able To Add PDP Details To Excel - Succssfully featched value text from PDP screen
2024-10-20 17:28:28,224 [main] INFO Verify User Is Able To Add PDP Details To Excel - Succssfully Entered featched PDP data to execl
2024-10-20 17:28:28,362 [main] INFO Verify User Is Able To Add PDP Details To Excel - Start Listing Is Present In The screen
2024-10-20 17:39:43,173 [main] INFO Verify User Is Able To Add PDP Details To Excel - Sign Up Text Is Present In The screen
2024-10-20 17:39:43,339 [main] INFO Verify User Is Able To Add PDP Details To Excel - Succssfully taped on the Sigin Link
2024-10-20 17:39:50,017 [main] INFO Verify User Is Able To Add PDP Details To Excel - Sign In Text Is Present In The screen
2024-10-20 17:39:57,666 [main] INFO Verify User Is Able To Add PDP Details To Excel - Successfully loggined to the application
2024-10-20 17:40:03,057 [main] INFO Verify User Is Able To Add PDP Details To Excel - Home screen Text Is Present In The screen
2024-10-20 17:40:03,318 [main] INFO Verify User Is Able To Add PDP Details To Excel - Succssfully taped on the Search Icon
2024-10-20 17:40:06,609 [main] INFO Verify User Is Able To Add PDP Details To Excel - search BarText Text Is Present In The screen
2024-10-20 17:40:11,024 [main] INFO Verify User Is Able To Add PDP Details To Excel - Succssfully saerche Puma Name
2024-10-20 17:40:13,264 [main] INFO Verify User Is Able To Add PDP Details To Excel - Succssfully Swiped till expected Product Name is visable
2024-10-20 17:40:16,181 [main] INFO Verify User Is Able To Add PDP Details To Excel - Details Text Is Present In The screen
2024-10-20 17:40:37,557 [main] INFO Verify User Is Able To Add PDP Details To Excel - Succssfully Swiped till Nick name Name is visable
2024-10-20 17:40:38,118 [main] INFO Verify User Is Able To Add PDP Details To Excel - Succssfully featched value text from PDP screen
2024-10-20 17:40:38,826 [main] INFO Verify User Is Able To Add PDP Details To Excel - Succssfully Entered featched PDP data to execl
2024-10-20 17:40:38,968 [main] INFO Verify User Is Able To Add PDP Details To Excel - Start Listing Is Present In The screen
2024-10-21 11:14:39,946 [TestNG-tests-1] INFO Verify User Is Able To Add PDP Details To Excel - Sign Up Text Is Present In The screen
2024-10-21 11:14:40,459 [TestNG-tests-1] INFO Verify User Is Able To Add PDP Details To Excel - Succssfully taped on the Sigin Link
2024-10-21 11:14:44,722 [TestNG-tests-1] INFO Verify User Is Able To Add PDP Details To Excel - Sign In Text Is Present In The screen
2024-10-21 11:14:56,689 [TestNG-tests-1] INFO Verify User Is Able To Add PDP Details To Excel - Successfully loggined to the application
2024-10-21 11:15:04,103 [TestNG-tests-1] INFO Verify User Is Able To Add PDP Details To Excel - Home screen Text Is Present In The screen
2024-10-21 11:15:04,841 [TestNG-tests-1] INFO Verify User Is Able To Add PDP Details To Excel - Succssfully taped on the Search Icon
2024-10-21 11:15:09,217 [TestNG-tests-1] INFO Verify User Is Able To Add PDP Details To Excel - search BarText Text Is Present In The screen
2024-10-21 11:15:13,628 [TestNG-tests-1] INFO Verify User Is Able To Add PDP Details To Excel - Succssfully saerche Puma Name
2024-10-21 11:15:17,280 [TestNG-tests-1] INFO Verify User Is Able To Add PDP Details To Excel - Succssfully Swiped till expected Product Name is visable
2024-10-21 11:15:20,894 [TestNG-tests-1] INFO Verify User Is Able To Add PDP Details To Excel - Details Text Is Present In The screen
2024-10-21 11:15:42,800 [TestNG-tests-1] INFO Verify User Is Able To Add PDP Details To Excel - Succssfully Swiped till Nick name Name is visable
2024-10-21 11:15:43,760 [TestNG-tests-1] INFO Verify User Is Able To Add PDP Details To Excel - Succssfully featched value text from PDP screen
2024-10-21 11:15:44,875 [TestNG-tests-1] INFO Verify User Is Able To Add PDP Details To Excel - Succssfully Entered featched PDP data to execl
2024-10-21 11:15:45,074 [TestNG-tests-1] INFO Verify User Is Able To Add PDP Details To Excel - Start Listing Is Present In The screen
